[     208ms] [INFO] %cDownload the React DevTools for a better development experience: https://react.dev/link/react-devtools font-weight:bold @ http://localhost:3002/_next/static/chunks/node_modules_next_dist_115brz8._.js:2431
[     218ms] [LOG] [HMR] connected @ http://localhost:3002/_next/static/chunks/node_modules_next_dist_115brz8._.js:2431
[     334ms] [WARNING] Image with src "/images/introduction-v2-copy.webp" has "fill" prop and "sizes" prop of "100vw", but image is not rendered at full viewport width. Please adjust "sizes" to improve page performance. Read more: https://nextjs.org/docs/api-reference/next/image#sizes @ http://localhost:3002/_next/static/chunks/node_modules_next_dist_115brz8._.js:2431
[  201275ms] [LOG] [Fast Refresh] rebuilding @ http://localhost:3002/_next/static/chunks/node_modules_next_dist_115brz8._.js:2431
[  201350ms] [LOG] [Fast Refresh] done in 126ms @ http://localhost:3002/_next/static/chunks/node_modules_next_dist_115brz8._.js:2431
[  966447ms] [LOG] [Fast Refresh] rebuilding @ http://localhost:3002/_next/static/chunks/node_modules_next_dist_115brz8._.js:2431
[  966613ms] [WARNING] [HMR] Invalid message: {"isTrusted":true}
TypeError: Cannot convert undefined or null to object
    at Object.keys (<anonymous>)
    at extractModulesFromTurbopackMessage (http://localhost:3002/_next/static/chunks/node_modules_next_dist_client_0fhqo1d._.js:13639:39)
    at TurbopackHmr.onTurbopackMessage (http://localhost:3002/_next/static/chunks/node_modules_next_dist_client_0fhqo1d._.js:13586:32)
    at processMessage (http://localhost:3002/_next/static/chunks/node_modules_next_dist_client_0fhqo1d._.js:13944:30)
    at WebSocket.handleMessage (http://localhost:3002/_next/static/chunks/node_modules_next_dist_client_0fhqo1d._.js:13343:52) @ http://localhost:3002/_next/static/chunks/node_modules_next_dist_115brz8._.js:2431
[  966653ms] [LOG] [Fast Refresh] done in 268ms @ http://localhost:3002/_next/static/chunks/node_modules_next_dist_115brz8._.js:2431
[  966867ms] [LOG] [Fast Refresh] rebuilding @ http://localhost:3002/_next/static/chunks/node_modules_next_dist_115brz8._.js:2431
[  966975ms] [LOG] [Fast Refresh] done in 208ms @ http://localhost:3002/_next/static/chunks/node_modules_next_dist_115brz8._.js:2431
[ 1341064ms] [LOG] [Fast Refresh] rebuilding @ http://localhost:3002/_next/static/chunks/node_modules_next_dist_115brz8._.js:2431
[ 1341323ms] [LOG] [Fast Refresh] done in 361ms @ http://localhost:3002/_next/static/chunks/node_modules_next_dist_115brz8._.js:2431
[ 1415983ms] [LOG] [Fast Refresh] rebuilding @ http://localhost:3002/_next/static/chunks/node_modules_next_dist_115brz8._.js:2431
[ 1416054ms] [LOG] [Fast Refresh] done in 83ms @ http://localhost:3002/_next/static/chunks/node_modules_next_dist_115brz8._.js:2431
[ 1572251ms] [LOG] [Fast Refresh] rebuilding @ http://localhost:3002/_next/static/chunks/node_modules_next_dist_115brz8._.js:2431
[ 1572337ms] [LOG] [Fast Refresh] done in 187ms @ http://localhost:3002/_next/static/chunks/node_modules_next_dist_115brz8._.js:2431
[ 1577456ms] [LOG] [Fast Refresh] rebuilding @ http://localhost:3002/_next/static/chunks/node_modules_next_dist_115brz8._.js:2431
[ 1577558ms] [LOG] [Fast Refresh] done in 178ms @ http://localhost:3002/_next/static/chunks/node_modules_next_dist_115brz8._.js:2431
[ 1581274ms] [LOG] [Fast Refresh] rebuilding @ http://localhost:3002/_next/static/chunks/node_modules_next_dist_115brz8._.js:2431
[ 1581540ms] [LOG] [Fast Refresh] done in 361ms @ http://localhost:3002/_next/static/chunks/node_modules_next_dist_115brz8._.js:2431
