[     239ms] [INFO] %cDownload the React DevTools for a better development experience: https://react.dev/link/react-devtools font-weight:bold @ http://localhost:3002/_next/static/chunks/node_modules_next_dist_115brz8._.js:2431
[     246ms] [LOG] [HMR] connected @ http://localhost:3002/_next/static/chunks/node_modules_next_dist_115brz8._.js:2431
[     348ms] [WARNING] Image with src "/images/introduction-v2-copy.webp" has "fill" prop and "sizes" prop of "100vw", but image is not rendered at full viewport width. Please adjust "sizes" to improve page performance. Read more: https://nextjs.org/docs/api-reference/next/image#sizes @ http://localhost:3002/_next/static/chunks/node_modules_next_dist_115brz8._.js:2431
[    4509ms] [WARNING] Image with src "/images/services/wedding.png" was detected as the Largest Contentful Paint (LCP). Please add the `loading="eager"` property if this image is above the fold.
Read more: https://nextjs.org/docs/app/api-reference/components/image#loading @ http://localhost:3002/_next/static/chunks/node_modules_next_dist_115brz8._.js:2431
[   66353ms] [LOG] [Fast Refresh] rebuilding @ http://localhost:3002/_next/static/chunks/node_modules_next_dist_115brz8._.js:2431
[   66379ms] [LOG] [Fast Refresh] done in 36ms @ http://localhost:3002/_next/static/chunks/node_modules_next_dist_115brz8._.js:2431
[   73896ms] [ERROR] In HTML, %s cannot be a child of <%s>.%s
This will cause a hydration error.%s <html> body  

  ...
    <HotReload globalError={[...]} webSocket={WebSocket} staticIndicatorState={{pathname:"...", ...}}>
      <AppDevOverlayErrorBoundary globalError={[...]}>
        <ReplaySsrOnlyErrors>
        <DevRootHTTPAccessFallbackBoundary>
          <HTTPAccessFallbackBoundary notFound={<NotAllowedRootHTTPFallbackError>}>
            <HTTPAccessFallbackErrorBoundary pathname="/en/" notFound={<NotAllowedRootHTTPFallbackError>} ...>
              <RedirectBoundary>
                <RedirectErrorBoundary router={{...}}>
                  <Head>
                  <__next_root_layout_boundary__>
                    <SegmentViewNode type="layout" pagePath="layout.tsx">
                      <SegmentTrieNode>
                      <script>
                      <script>
                      <RootLayout>
                        <html suppressHydrationWarning={true}>
>                         <body suppressHydrationWarning={true}>
                            ...
                              <SegmentViewNode type="layout" pagePath="[locale]/l...">
                                <SegmentTrieNode>
                                <link>
                                <script>
                                <script>
                                <script>
                                <LocaleLayout>
>                                 <html lang="en" dir="ltr" className="" suppressHydrationWarning={true}>
                  ...
 @ http://localhost:3002/_next/static/chunks/node_modules_next_dist_115brz8._.js:3272
[   73896ms] [ERROR] <%s> cannot contain a nested %s.
See this log for the ancestor stack trace. body <html> @ http://localhost:3002/_next/static/chunks/node_modules_next_dist_115brz8._.js:3272
[   79166ms] [LOG] [Fast Refresh] rebuilding @ http://localhost:3002/_next/static/chunks/node_modules_next_dist_115brz8._.js:2431
[   79189ms] [LOG] [Fast Refresh] done in 50ms @ http://localhost:3002/_next/static/chunks/node_modules_next_dist_115brz8._.js:2431
